\BOOKMARK [0][-]{chapter.1}{Generalidades\040del\040proyecto}{}% 1
\BOOKMARK [1][-]{section.1.1}{Descripción de la empresa u organización y del puesto o área de trabajo}{chapter.1}% 2
\BOOKMARK [1][-]{section.1.2}{Problemas\040a\040resolver}{chapter.1}% 3
\BOOKMARK [1][-]{section.1.3}{Objetivo general, objetivos específicos y metas}{chapter.1}% 4
\BOOKMARK [2][-]{subsection.1.3.1}{Objetivo\040general}{section.1.3}% 5
\BOOKMARK [2][-]{subsection.1.3.2}{Objetivos específicos}{section.1.3}% 6
\BOOKMARK [1][-]{section.1.4}{Justificación}{chapter.1}% 7
\BOOKMARK [0][-]{chapter.2}{Marco teórico}{}% 8
\BOOKMARK [1][-]{section.2.1}{Definiciones\040clave\040del\040estudio}{chapter.2}% 9
\BOOKMARK [2][-]{subsection.2.1.1}{Herramientas\040administrativas}{section.2.1}% 10
\BOOKMARK [2][-]{subsection.2.1.2}{Herramientas\040de\040desarrollo}{section.2.1}% 11
\BOOKMARK [2][-]{subsection.2.1.3}{Herramientas de diseño y maquetado}{section.2.1}% 12
\BOOKMARK [1][-]{section.2.2}{Estudios\040previos}{chapter.2}% 13
\BOOKMARK [2][-]{subsection.2.2.1}{Software}{section.2.2}% 14
\BOOKMARK [2][-]{subsection.2.2.2}{Hardware}{section.2.2}% 15
\BOOKMARK [0][-]{chapter.3}{Desarrollo}{}% 16
\BOOKMARK [1][-]{section.3.1}{Procedimiento y descripción de las actividades realizadas}{chapter.3}% 17
\BOOKMARK [2][-]{subsection.3.1.1}{Requerimientos}{section.3.1}% 18
\BOOKMARK [2][-]{subsection.3.1.2}{Vista\040funcional}{section.3.1}% 19
\BOOKMARK [2][-]{subsection.3.1.3}{Vista lógica}{section.3.1}% 20
\BOOKMARK [2][-]{subsection.3.1.4}{Diseño de prototipos}{section.3.1}% 21
\BOOKMARK [2][-]{subsection.3.1.5}{Codificación}{section.3.1}% 22
\BOOKMARK [0][-]{chapter.4}{Resultados}{}% 23
\BOOKMARK [1][-]{section.4.1}{Exposición de los resultados}{chapter.4}% 24
\BOOKMARK [2][-]{subsection.4.1.1}{Casos\040deseables}{section.4.1}% 25
\BOOKMARK [2][-]{subsection.4.1.2}{Casos\040no\040deseables}{section.4.1}% 26
\BOOKMARK [1][-]{section.4.2}{Análisis de los resultados}{chapter.4}% 27
\BOOKMARK [0][-]{chapter.5}{Conclusiones}{}% 28
\BOOKMARK [1][-]{section.5.1}{Conclusiones\040de\040proyecto,\040recomendaciones\040y\040experiencia\040personal\040profesional\040adquirida}{chapter.5}% 29
\BOOKMARK [0][-]{chapter.6}{Competencias\040desarrolladas}{}% 30
\BOOKMARK [1][-]{section.6.1}{Competencias\040desarrolladas\040o\040aplicadas}{chapter.6}% 31
\BOOKMARK [0][-]{chapter.7}{Fuentes de información}{}% 32
\BOOKMARK [1][-]{section.7.1}{Fuentes de información}{chapter.7}% 33
\BOOKMARK [0][-]{chapter.8}{Anexos}{}% 34
\BOOKMARK [1][-]{section.8.1}{Código fuente}{chapter.8}% 35
\BOOKMARK [2][-]{subsection.8.1.1}{Conexión a la base de datos}{section.8.1}% 36
\BOOKMARK [2][-]{subsection.8.1.2}{Broadcast\040Receiver}{section.8.1}% 37
\BOOKMARK [2][-]{subsection.8.1.3}{Zxing}{section.8.1}% 38
\BOOKMARK [1][-]{section.8.2}{Impresiones Limón}{chapter.8}% 39
\BOOKMARK [1][-]{section.8.3}{Formatos\040del\040programa\040de\040residencia\040profesional}{chapter.8}% 40
